<?xml version="1.0" encoding="UTF-8"?>
<!-- Generated by org.testng.reporters.JUnitXMLReporter -->
<testsuite ignored="0" hostname="Gaurav" failures="0" tests="4" name="Test" time="11.345" errors="0" timestamp="2023-06-26T21:25:48 IST">
  <testcase classname="TestClasses.Patch_TC" name="extractor" time="7.943"/>
  <testcase classname="TestClasses.Get_TC" name="extractor" time="0.536"/>
  <testcase classname="TestClasses.Put_TC" name="extractor" time="1.206"/>
  <testcase classname="TestClasses.Post_TC" name="extractor" time="1.266"/>
</testsuite> <!-- Test -->
