<?xml version="1.0" encoding="UTF-8"?>
<testng-results ignored="0" total="4" passed="4" failed="0" skipped="0">
  <reporter-output>
  </reporter-output>
  <suite started-at="2023-06-26T21:25:37 IST" name="Suite" finished-at="2023-06-26T21:25:48 IST" duration-ms="11345">
    <groups>
    </groups>
    <test started-at="2023-06-26T21:25:37 IST" name="Test" finished-at="2023-06-26T21:25:48 IST" duration-ms="11345">
      <class name="TestClasses.Get_TC">
        <test-method signature="extractor()[pri:1, instance:TestClasses.Get_TC@68c9133c]" started-at="2023-06-26T21:25:45 IST" name="extractor" finished-at="2023-06-26T21:25:45 IST" duration-ms="536" status="PASS">
          <reporter-output>
          </reporter-output>
        </test-method> <!-- extractor -->
      </class> <!-- TestClasses.Get_TC -->
      <class name="TestClasses.Patch_TC">
        <test-method signature="extractor()[pri:1, instance:TestClasses.Patch_TC@3ba987b8]" started-at="2023-06-26T21:25:37 IST" name="extractor" finished-at="2023-06-26T21:25:45 IST" duration-ms="7943" status="PASS">
          <reporter-output>
          </reporter-output>
        </test-method> <!-- extractor -->
      </class> <!-- TestClasses.Patch_TC -->
      <class name="TestClasses.Post_TC">
        <test-method signature="extractor()[pri:1, instance:TestClasses.Post_TC@5e2c3d18]" started-at="2023-06-26T21:25:47 IST" name="extractor" finished-at="2023-06-26T21:25:48 IST" duration-ms="1266" status="PASS">
          <reporter-output>
          </reporter-output>
        </test-method> <!-- extractor -->
      </class> <!-- TestClasses.Post_TC -->
      <class name="TestClasses.Put_TC">
        <test-method signature="extractor()[pri:2, instance:TestClasses.Put_TC@7a35b0f5]" started-at="2023-06-26T21:25:45 IST" name="extractor" finished-at="2023-06-26T21:25:47 IST" duration-ms="1206" status="PASS">
          <reporter-output>
          </reporter-output>
        </test-method> <!-- extractor -->
      </class> <!-- TestClasses.Put_TC -->
    </test> <!-- Test -->
  </suite> <!-- Suite -->
</testng-results>
